<?xml version="1.0" encoding="UTF-8"?>
<!-- Generated by org.testng.reporters.JUnitReportReporter -->
<testsuite hostname="Bachhi-PC" name="jenkinsTestng.JenkinTestcase" tests="2" failures="0" timestamp="15 Nov 2016 01:49:10 GMT" time="10.953" errors="0">
  <testcase name="test1" time="10.942" classname="jenkinsTestng.JenkinTestcase"/>
  <testcase name="mu" time="0.011" classname="jenkinsTestng.JenkinTestcase"/>
</testsuite> <!-- jenkinsTestng.JenkinTestcase -->
